/app/target/classes/application-dev.yml:1:2: [warning] missing starting space in comment (comments)
/app/target/classes/application-dev.yml:1:24: [error] wrong new line character: expected \n (new-lines)
/app/target/classes/application-dev.yml:3:2: [warning] missing starting space in comment (comments)
/app/target/classes/application-dev.yml:4:1: [warning] missing document start "---" (document-start)
/app/target/classes/application-dev.yml:9:2: [warning] missing starting space in comment (comments)
/app/target/classes/application-dev.yml:14:81: [error] line too long (121 > 80 characters) (line-length)
/app/target/classes/application-dev.yml:16:1: [error] trailing spaces (trailing-spaces)
/app/target/classes/application-dev.yml:18:2: [warning] missing starting space in comment (comments)
/app/target/classes/application-dev.yml:26:17: [error] too many spaces before colon (colons)
/app/target/classes/application-dev.yml:62:1: [error] trailing spaces (trailing-spaces)
/app/target/classes/application-dev.yml:63:1: [error] trailing spaces (trailing-spaces)
/app/target/classes/application-dev.yml:64:11: [error] no new line character at the end of file (new-line-at-end-of-file)
/app/target/classes/application-dev.yml:64:1: [error] trailing spaces (trailing-spaces)
/app/target/classes/application.yml:1:1: [warning] missing document start "---" (document-start)
/app/target/classes/application.yml:1:8: [error] wrong new line character: expected \n (new-lines)
/app/target/classes/application.yml:6:1: [error] trailing spaces (trailing-spaces)
/app/target/classes/application.yml:12:50: [error] no new line character at the end of file (new-line-at-end-of-file)
/app/src/main/resources/application-dev.yml:1:2: [warning] missing starting space in comment (comments)
/app/src/main/resources/application-dev.yml:1:24: [error] wrong new line character: expected \n (new-lines)
/app/src/main/resources/application-dev.yml:3:2: [warning] missing starting space in comment (comments)
/app/src/main/resources/application-dev.yml:4:1: [warning] missing document start "---" (document-start)
/app/src/main/resources/application-dev.yml:9:2: [warning] missing starting space in comment (comments)
/app/src/main/resources/application-dev.yml:14:81: [error] line too long (121 > 80 characters) (line-length)
/app/src/main/resources/application-dev.yml:16:1: [error] trailing spaces (trailing-spaces)
/app/src/main/resources/application-dev.yml:18:2: [warning] missing starting space in comment (comments)
/app/src/main/resources/application-dev.yml:26:17: [error] too many spaces before colon (colons)
/app/src/main/resources/application-dev.yml:62:1: [error] trailing spaces (trailing-spaces)
/app/src/main/resources/application-dev.yml:63:1: [error] trailing spaces (trailing-spaces)
/app/src/main/resources/application-dev.yml:64:11: [error] no new line character at the end of file (new-line-at-end-of-file)
/app/src/main/resources/application-dev.yml:64:1: [error] trailing spaces (trailing-spaces)
/app/src/main/resources/application.yml:1:1: [warning] missing document start "---" (document-start)
/app/src/main/resources/application.yml:1:8: [error] wrong new line character: expected \n (new-lines)
/app/src/main/resources/application.yml:6:1: [error] trailing spaces (trailing-spaces)
/app/src/main/resources/application.yml:12:50: [error] no new line character at the end of file (new-line-at-end-of-file)
